Samuel: [ SAPO, SAPO, ]
Franklin: [ ARANHA, ARANHA, ]
Hellen: [ FANTASMINHA, FANTASMINHA, FANTASMINHA, FANTASMINHA, ]
JC: [ BRUXINHA, ]
Daniel: [ DENTADURA, ]

=-=-=-=-=-=-=-=-=-=-=-=-=-=-=-=-=-=-=-=-=-=-=-=-=
Expectativa:
------------

Samuel:
	[SAPO, SAPO]
Franklin:
	[ARANHA, ARANHA]
Hellen:
	[FANTASMINHA, FANTASMINHA, FANTASMINHA, FANTASMINHA]
JC:
	[BRUXINHA]
Daniel:
	[DENTADURA]

=-=-=-=-=-=-=-=-=-=-=-=-=-=-=-=-=-=-=-=-=-=-=-=-=
Resultado:		✔️ Passou
Tempo decorrido:	0.095s
=-=-=-=-=-=-=-=-=-=-=-=-=-=-=-=-=-=-=-=-=-=-=-=-=
