Samuel: [SAPO, SAPO, SAPO, SAPO, SAPO, SAPO]
Franklin: [ARANHA]
Hellen: [FANTASMINHA, FANTASMINHA, FANTASMINHA]
JC: [BRUXINHA, BRUXINHA, BRUXINHA]
Daniel: [DENTADURA, DENTADURA]

=-=-=-=-=-=-=-=-=-=-=-=-=-=-=-=-=-=-=-=-=-=-=-=-=
Expectativa:
------------

Samuel:
	[SAPO, SAPO, SAPO, SAPO, SAPO, SAPO]
Franklin:
	[ARANHA]
Hellen:
	[FANTASMINHA, FANTASMINHA, FANTASMINHA]
JC:
	[BRUXINHA, BRUXINHA, BRUXINHA]
Daniel:
	[DENTADURA, DENTADURA]

=-=-=-=-=-=-=-=-=-=-=-=-=-=-=-=-=-=-=-=-=-=-=-=-=
Resultado:		✔️ Passou
Tempo decorrido:	0.101s
=-=-=-=-=-=-=-=-=-=-=-=-=-=-=-=-=-=-=-=-=-=-=-=-=
